Build started 12/22/2016 2:07:41 PM.
     1>Project "C:\Users\manish.kumar\documents\visual studio 2013\Projects\WinSock\WinSock\WinSock.vcxproj" on node 2 (Build target(s)).
     1>ClCompile:
         C:\Program Files (x86)\Microsoft Visual Studio 12.0\VC\bin\CL.exe /c /ZI /nologo /W3 /WX- /sdl /Od /Oy- /D WIN32 /D _DEBUG /D _CONSOLE /D _LIB /D _UNICODE /D UNICODE /Gm /EHsc /RTC1 /MDd /GS /fp:precise /Zc:wchar_t /Zc:forScope /Yu"stdafx.h" /Fp"Debug\WinSock.pch" /Fo"Debug\\" /Fd"Debug\vc120.pdb" /Gd /TP /analyze- /errorReport:prompt WinSock.cpp server.cpp
         server.cpp
     1>c:\users\manish.kumar\documents\visual studio 2013\projects\winsock\winsock\server.cpp(3): warning C4603: 'WIN32_LEAN_AND_MEAN' : macro is not defined or definition is different after precompiled header use
                 Add macro to precompiled header instead of defining here
                 c:\users\manish.kumar\documents\visual studio 2013\projects\winsock\winsock\server.cpp(5) : use of precompiled header
     1>c:\users\manish.kumar\documents\visual studio 2013\projects\winsock\winsock\server.cpp(28): warning C4305: 'initializing' : truncation from 'int' to 'char'
     1>c:\users\manish.kumar\documents\visual studio 2013\projects\winsock\winsock\server.cpp(28): warning C4309: 'initializing' : truncation of constant value
         WinSock.cpp
     1>c:\users\manish.kumar\documents\visual studio 2013\projects\winsock\winsock\winsock.cpp(5): warning C4603: 'WIN32_LEAN_AND_MEAN' : macro is not defined or definition is different after precompiled header use
                 Add macro to precompiled header instead of defining here
                 c:\users\manish.kumar\documents\visual studio 2013\projects\winsock\winsock\winsock.cpp(8) : use of precompiled header
         Generating Code...
       Link:
         C:\Program Files (x86)\Microsoft Visual Studio 12.0\VC\bin\link.exe /ERRORREPORT:PROMPT /OUT:"C:\Users\manish.kumar\documents\visual studio 2013\Projects\WinSock\Debug\WinSock.exe" /INCREMENTAL /NOLOGO kernel32.lib user32.lib gdi32.lib winspool.lib comdlg32.lib advapi32.lib shell32.lib ole32.lib oleaut32.lib uuid.lib odbc32.lib odbccp32.lib /MANIFEST /MANIFESTUAC:"level='asInvoker' uiAccess='false'" /manifest:embed /DEBUG /PDB:"C:\Users\manish.kumar\documents\visual studio 2013\Projects\WinSock\Debug\WinSock.pdb" /SUBSYSTEM:CONSOLE /TLBID:1 /DYNAMICBASE /NXCOMPAT /IMPLIB:"C:\Users\manish.kumar\documents\visual studio 2013\Projects\WinSock\Debug\WinSock.lib" /MACHINE:X86 Debug\server.obj
         Debug\stdafx.obj
         Debug\WinSock.obj
         WinSock.vcxproj -> C:\Users\manish.kumar\documents\visual studio 2013\Projects\WinSock\Debug\WinSock.exe
     1>Done Building Project "C:\Users\manish.kumar\documents\visual studio 2013\Projects\WinSock\WinSock\WinSock.vcxproj" (Build target(s)).

Build succeeded.

Time Elapsed 00:00:03.78
